<<<<<<< HEAD
\BOOKMARK [1][-]{section*.1}{Introduction}{}% 1
\BOOKMARK [1][-]{section*.2}{Notation and Problem Definition}{}% 2
\BOOKMARK [1][-]{section*.4}{Robust DVR Policy Under Light Load}{}% 3
\BOOKMARK [2][-]{section*.5}{The Optimal Partitioning}{section*.4}% 4
\BOOKMARK [2][-]{section*.6}{Gradient Algorithm}{section*.4}% 5
\BOOKMARK [1][-]{section*.7}{Numerical Simulations}{}% 6
\BOOKMARK [1][-]{section*.8}{Discussion}{}% 7
\BOOKMARK [1][-]{section*.9}{Acknowledgments}{}% 8
\BOOKMARK [1][-]{section*.11}{Appendix: Proofs}{}% 9
=======
\BOOKMARK [1][-]{section*.1}{Introduction}{}% 1
\BOOKMARK [1][-]{section*.2}{Notation and Problem Definition}{}% 2
\BOOKMARK [1][-]{section*.4}{Robust DVR Policy Under Light Load}{}% 3
\BOOKMARK [2][-]{section*.5}{The Optimal Partitioning}{section*.4}% 4
\BOOKMARK [2][-]{section*.6}{Gradient Algorithm}{section*.4}% 5
\BOOKMARK [1][-]{section*.7}{Numerical Simulations}{}% 6
\BOOKMARK [1][-]{section*.8}{Discussion}{}% 7
\BOOKMARK [1][-]{section*.9}{Acknowledgement}{}% 8
\BOOKMARK [1][-]{section*.11}{Appendix: Proofs}{}% 9
>>>>>>> 92e34d0145ec7081c1a3d7ae929b431af16982d5
